100907 14:58:13 [Note] Plugin 'FEDERATED' is disabled.
InnoDB: The first specified data file .\ibdata1 did not exist:
InnoDB: a new database to be created!
100907 14:58:14  InnoDB: Setting file .\ibdata1 size to 10 MB
InnoDB: Database physically writes the file full: wait...
100907 14:58:14  InnoDB: Log file .\ib_logfile0 did not exist: new to be created
InnoDB: Setting log file .\ib_logfile0 size to 5 MB
InnoDB: Database physically writes the file full: wait...
100907 14:58:14  InnoDB: Log file .\ib_logfile1 did not exist: new to be created
InnoDB: Setting log file .\ib_logfile1 size to 5 MB
InnoDB: Database physically writes the file full: wait...
InnoDB: Doublewrite buffer not found: creating new
InnoDB: Doublewrite buffer created
InnoDB: Creating foreign key constraint system tables
InnoDB: Foreign key constraint system tables created
100907 14:58:15  InnoDB: Started; log sequence number 0 0
bin\mysqld: Too many arguments (first extra is 'start').
Use --verbose --help to get a list of available options
100907 14:58:15 [ERROR] Aborting

100907 14:58:15  InnoDB: Starting shutdown...
100907 14:58:20  InnoDB: Shutdown completed; log sequence number 0 44233
100907 14:58:20 [Note] 
100907 15:34:55 [Note] Plugin 'FEDERATED' is disabled.
100907 15:34:56  InnoDB: Started; log sequence number 0 44233
100907 15:34:57 [Note] Event Scheduler: Loaded 0 events
100907 15:34:57 [Note] mysqld: ready for connections.
Version: '5.1.50-community'  socket: ''  port: 3306  MySQL Community Server (GPL)
